  main.c
C:\Users\hoche\OneDrive\Desktop\핵교\성결대\1-2\C\11조 팀프로젝트\C프로그래밍응용_팀프로젝트_20220848_양호철\dd\소스코드\dd\main.c(48,4): warning C4996: 'scanf': This function or variable may be unsafe. Consider using scanf_s instead. To disable deprecation, use _CRT_SECURE_NO_WARNINGS. See online help for details.
C:\Users\hoche\OneDrive\Desktop\핵교\성결대\1-2\C\11조 팀프로젝트\C프로그래밍응용_팀프로젝트_20220848_양호철\dd\소스코드\dd\main.c(61,4): warning C4996: 'scanf': This function or variable may be unsafe. Consider using scanf_s instead. To disable deprecation, use _CRT_SECURE_NO_WARNINGS. See online help for details.
C:\Users\hoche\OneDrive\Desktop\핵교\성결대\1-2\C\11조 팀프로젝트\C프로그래밍응용_팀프로젝트_20220848_양호철\dd\소스코드\dd\main.c(244,8): warning C4477: 'scanf' : 서식 문자열 '%d'에 'int *' 형식의 인수가 필요하지만 variadic 인수 1의 형식이 'int'입니다.
C:\Users\hoche\OneDrive\Desktop\핵교\성결대\1-2\C\11조 팀프로젝트\C프로그래밍응용_팀프로젝트_20220848_양호철\dd\소스코드\dd\main.c(251,11): warning C4098: 'hanoiGame': 'void' 함수에서 값을 반환하고 있습니다.
C:\Users\hoche\OneDrive\Desktop\핵교\성결대\1-2\C\11조 팀프로젝트\C프로그래밍응용_팀프로젝트_20220848_양호철\dd\소스코드\dd\main.c(412,14): warning C4098: 'hanoiGame': 'void' 함수에서 값을 반환하고 있습니다.
C:\Users\hoche\OneDrive\Desktop\핵교\성결대\1-2\C\11조 팀프로젝트\C프로그래밍응용_팀프로젝트_20220848_양호철\dd\소스코드\dd\main.c(242,2): warning C4996: 'scanf': This function or variable may be unsafe. Consider using scanf_s instead. To disable deprecation, use _CRT_SECURE_NO_WARNINGS. See online help for details.
C:\Users\hoche\OneDrive\Desktop\핵교\성결대\1-2\C\11조 팀프로젝트\C프로그래밍응용_팀프로젝트_20220848_양호철\dd\소스코드\dd\main.c(244,2): warning C4996: 'scanf': This function or variable may be unsafe. Consider using scanf_s instead. To disable deprecation, use _CRT_SECURE_NO_WARNINGS. See online help for details.
C:\Users\hoche\OneDrive\Desktop\핵교\성결대\1-2\C\11조 팀프로젝트\C프로그래밍응용_팀프로젝트_20220848_양호철\dd\소스코드\dd\main.c(247,2): warning C4996: 'scanf': This function or variable may be unsafe. Consider using scanf_s instead. To disable deprecation, use _CRT_SECURE_NO_WARNINGS. See online help for details.
C:\Users\hoche\OneDrive\Desktop\핵교\성결대\1-2\C\11조 팀프로젝트\C프로그래밍응용_팀프로젝트_20220848_양호철\dd\소스코드\dd\main.c(281,9): warning C4996: 'getch': The POSIX name for this item is deprecated. Instead, use the ISO C and C++ conformant name: _getch. See online help for details.
C:\Users\hoche\OneDrive\Desktop\핵교\성결대\1-2\C\11조 팀프로젝트\C프로그래밍응용_팀프로젝트_20220848_양호철\dd\소스코드\dd\main.c(318,10): warning C4996: 'getch': The POSIX name for this item is deprecated. Instead, use the ISO C and C++ conformant name: _getch. See online help for details.
C:\Users\hoche\OneDrive\Desktop\핵교\성결대\1-2\C\11조 팀프로젝트\C프로그래밍응용_팀프로젝트_20220848_양호철\dd\소스코드\dd\main.c(319,3): warning C4996: 'putch': The POSIX name for this item is deprecated. Instead, use the ISO C and C++ conformant name: _putch. See online help for details.
C:\Users\hoche\OneDrive\Desktop\핵교\성결대\1-2\C\11조 팀프로젝트\C프로그래밍응용_팀프로젝트_20220848_양호철\dd\소스코드\dd\main.c(321,8): warning C4996: 'getch': The POSIX name for this item is deprecated. Instead, use the ISO C and C++ conformant name: _getch. See online help for details.
C:\Users\hoche\OneDrive\Desktop\핵교\성결대\1-2\C\11조 팀프로젝트\C프로그래밍응용_팀프로젝트_20220848_양호철\dd\소스코드\dd\main.c(322,3): warning C4996: 'putch': The POSIX name for this item is deprecated. Instead, use the ISO C and C++ conformant name: _putch. See online help for details.
C:\Users\hoche\OneDrive\Desktop\핵교\성결대\1-2\C\11조 팀프로젝트\C프로그래밍응용_팀프로젝트_20220848_양호철\dd\소스코드\dd\main.c(254,7): warning C4101: 'pic' :참조되지 않은 지역 변수입니다.
  sub.c
C:\Users\hoche\OneDrive\Desktop\핵교\성결대\1-2\C\11조 팀프로젝트\C프로그래밍응용_팀프로젝트_20220848_양호철\dd\소스코드\dd\sub.c(26,8): warning C4244: '함수': 'time_t'에서 'unsigned int'(으)로 변환하면서 데이터가 손실될 수 있습니다.
C:\Users\hoche\OneDrive\Desktop\핵교\성결대\1-2\C\11조 팀프로젝트\C프로그래밍응용_팀프로젝트_20220848_양호철\dd\소스코드\dd\sub.c(34,2): warning C4996: 'strcpy': This function or variable may be unsafe. Consider using strcpy_s instead. To disable deprecation, use _CRT_SECURE_NO_WARNINGS. See online help for details.
C:\Users\hoche\OneDrive\Desktop\핵교\성결대\1-2\C\11조 팀프로젝트\C프로그래밍응용_팀프로젝트_20220848_양호철\dd\소스코드\dd\sub.c(37,9): warning C4996: 'fopen': This function or variable may be unsafe. Consider using fopen_s instead. To disable deprecation, use _CRT_SECURE_NO_WARNINGS. See online help for details.
C:\Users\hoche\OneDrive\Desktop\핵교\성결대\1-2\C\11조 팀프로젝트\C프로그래밍응용_팀프로젝트_20220848_양호철\dd\소스코드\dd\sub.c(40,10): warning C4996: 'fopen': This function or variable may be unsafe. Consider using fopen_s instead. To disable deprecation, use _CRT_SECURE_NO_WARNINGS. See online help for details.
C:\Users\hoche\OneDrive\Desktop\핵교\성결대\1-2\C\11조 팀프로젝트\C프로그래밍응용_팀프로젝트_20220848_양호철\dd\소스코드\dd\sub.c(27,7): warning C4101: 'ch' :참조되지 않은 지역 변수입니다.
C:\Users\hoche\OneDrive\Desktop\핵교\성결대\1-2\C\11조 팀프로젝트\C프로그래밍응용_팀프로젝트_20220848_양호철\dd\소스코드\dd\sub.c(79,2): warning C4996: 'strcpy': This function or variable may be unsafe. Consider using strcpy_s instead. To disable deprecation, use _CRT_SECURE_NO_WARNINGS. See online help for details.
C:\Users\hoche\OneDrive\Desktop\핵교\성결대\1-2\C\11조 팀프로젝트\C프로그래밍응용_팀프로젝트_20220848_양호철\dd\소스코드\dd\sub.c(83,9): warning C4996: 'fopen': This function or variable may be unsafe. Consider using fopen_s instead. To disable deprecation, use _CRT_SECURE_NO_WARNINGS. See online help for details.
C:\Users\hoche\OneDrive\Desktop\핵교\성결대\1-2\C\11조 팀프로젝트\C프로그래밍응용_팀프로젝트_20220848_양호철\dd\소스코드\dd\sub.c(94,20): warning C4996: 'strtok': This function or variable may be unsafe. Consider using strtok_s instead. To disable deprecation, use _CRT_SECURE_NO_WARNINGS. See online help for details.
C:\Users\hoche\OneDrive\Desktop\핵교\성결대\1-2\C\11조 팀프로젝트\C프로그래밍응용_팀프로젝트_20220848_양호철\dd\소스코드\dd\sub.c(95,4): warning C4996: 'strcpy': This function or variable may be unsafe. Consider using strcpy_s instead. To disable deprecation, use _CRT_SECURE_NO_WARNINGS. See online help for details.
C:\Users\hoche\OneDrive\Desktop\핵교\성결대\1-2\C\11조 팀프로젝트\C프로그래밍응용_팀프로젝트_20220848_양호철\dd\소스코드\dd\sub.c(96,18): warning C4996: 'strtok': This function or variable may be unsafe. Consider using strtok_s instead. To disable deprecation, use _CRT_SECURE_NO_WARNINGS. See online help for details.
C:\Users\hoche\OneDrive\Desktop\핵교\성결대\1-2\C\11조 팀프로젝트\C프로그래밍응용_팀프로젝트_20220848_양호철\dd\소스코드\dd\sub.c(108,5): warning C4996: 'strcpy': This function or variable may be unsafe. Consider using strcpy_s instead. To disable deprecation, use _CRT_SECURE_NO_WARNINGS. See online help for details.
C:\Users\hoche\OneDrive\Desktop\핵교\성결대\1-2\C\11조 팀프로젝트\C프로그래밍응용_팀프로젝트_20220848_양호철\dd\소스코드\dd\sub.c(112,4): warning C4996: 'strcpy': This function or variable may be unsafe. Consider using strcpy_s instead. To disable deprecation, use _CRT_SECURE_NO_WARNINGS. See online help for details.
C:\Users\hoche\OneDrive\Desktop\핵교\성결대\1-2\C\11조 팀프로젝트\C프로그래밍응용_팀프로젝트_20220848_양호철\dd\소스코드\dd\sub.c(119,9): warning C4996: 'fopen': This function or variable may be unsafe. Consider using fopen_s instead. To disable deprecation, use _CRT_SECURE_NO_WARNINGS. See online help for details.
C:\Users\hoche\OneDrive\Desktop\핵교\성결대\1-2\C\11조 팀프로젝트\C프로그래밍응용_팀프로젝트_20220848_양호철\dd\소스코드\dd\sub.c(138,2): warning C4996: 'strcpy': This function or variable may be unsafe. Consider using strcpy_s instead. To disable deprecation, use _CRT_SECURE_NO_WARNINGS. See online help for details.
C:\Users\hoche\OneDrive\Desktop\핵교\성결대\1-2\C\11조 팀프로젝트\C프로그래밍응용_팀프로젝트_20220848_양호철\dd\소스코드\dd\sub.c(144,9): warning C4996: 'fopen': This function or variable may be unsafe. Consider using fopen_s instead. To disable deprecation, use _CRT_SECURE_NO_WARNINGS. See online help for details.
C:\Users\hoche\OneDrive\Desktop\핵교\성결대\1-2\C\11조 팀프로젝트\C프로그래밍응용_팀프로젝트_20220848_양호철\dd\소스코드\dd\sub.c(154,20): warning C4996: 'strtok': This function or variable may be unsafe. Consider using strtok_s instead. To disable deprecation, use _CRT_SECURE_NO_WARNINGS. See online help for details.
C:\Users\hoche\OneDrive\Desktop\핵교\성결대\1-2\C\11조 팀프로젝트\C프로그래밍응용_팀프로젝트_20220848_양호철\dd\소스코드\dd\sub.c(155,4): warning C4996: 'strcpy': This function or variable may be unsafe. Consider using strcpy_s instead. To disable deprecation, use _CRT_SECURE_NO_WARNINGS. See online help for details.
C:\Users\hoche\OneDrive\Desktop\핵교\성결대\1-2\C\11조 팀프로젝트\C프로그래밍응용_팀프로젝트_20220848_양호철\dd\소스코드\dd\sub.c(156,18): warning C4996: 'strtok': This function or variable may be unsafe. Consider using strtok_s instead. To disable deprecation, use _CRT_SECURE_NO_WARNINGS. See online help for details.
C:\Users\hoche\OneDrive\Desktop\핵교\성결대\1-2\C\11조 팀프로젝트\C프로그래밍응용_팀프로젝트_20220848_양호철\dd\소스코드\dd\sub.c(180,2): warning C4996: 'sprintf': This function or variable may be unsafe. Consider using sprintf_s instead. To disable deprecation, use _CRT_SECURE_NO_WARNINGS. See online help for details.
C:\Users\hoche\OneDrive\Desktop\핵교\성결대\1-2\C\11조 팀프로젝트\C프로그래밍응용_팀프로젝트_20220848_양호철\dd\소스코드\dd\sub.c(182,2): warning C4996: 'strcat': This function or variable may be unsafe. Consider using strcat_s instead. To disable deprecation, use _CRT_SECURE_NO_WARNINGS. See online help for details.
C:\Users\hoche\OneDrive\Desktop\핵교\성결대\1-2\C\11조 팀프로젝트\C프로그래밍응용_팀프로젝트_20220848_양호철\dd\소스코드\dd\sub.c(183,2): warning C4996: 'strcat': This function or variable may be unsafe. Consider using strcat_s instead. To disable deprecation, use _CRT_SECURE_NO_WARNINGS. See online help for details.
  코드를 생성하고 있습니다...
C:\Users\hoche\OneDrive\Desktop\핵교\성결대\1-2\C\11조 팀프로젝트\C프로그래밍응용_팀프로젝트_20220848_양호철\dd\소스코드\dd\sub.c(184,1): warning C4172: 지역 변수 또는 임시: text의 주소를 반환하고 있습니다.
C:\Users\hoche\OneDrive\Desktop\핵교\성결대\1-2\C\11조 팀프로젝트\C프로그래밍응용_팀프로젝트_20220848_양호철\dd\소스코드\dd\main.c(173,1): warning C4715: 'keyControl': 모든 제어 경로에서 값을 반환하지는 않습니다.
  dd.vcxproj -> C:\Users\hoche\OneDrive\Desktop\핵교\성결대\1-2\C\11조 팀프로젝트\C프로그래밍응용_팀프로젝트_20220848_양호철\dd\소스코드\x64\Debug\dd.exe
